1609868984586	geckodriver	INFO	Listening on 127.0.0.1:63266
1609868987628	mozrunner::runner	INFO	Running command: "C:\\Program Files\\Mozilla Firefox\\firefox.exe" "--marionette" "-foreground" "-no-remote" "-profile" "C:\\Users\\ludde\\AppData\\Local\\Temp\\rust_mozprofilewEewr7"
Can't find symbol 'eglSwapBuffersWithDamageEXT'.
Can't find symbol 'eglSetDamageRegionKHR'.
console.warn: SearchSettings: "get: No settings file exists, new profile?" (new Error("", "(unknown module)"))
1609868989731	Marionette	INFO	Listening on port 63277
1609868989759	Marionette	WARN	TLS certificate errors will be ignored for this session
1609868991737	Marionette	INFO	Stopped listening on port 63277

###!!! [Child][RunMessage] Error: Channel closing: too late to send/recv, messages will be lost

1609869071180	geckodriver	INFO	Listening on 127.0.0.1:63432
1609869074219	mozrunner::runner	INFO	Running command: "C:\\Program Files\\Mozilla Firefox\\firefox.exe" "--marionette" "--headless" "-foreground" "-no-remote" "-profile" "C:\\Users\\ludde\\AppData\\Local\\Temp\\rust_mozprofileINERqK"
*** You are running in headless mode.
console.warn: SearchSettings: "get: No settings file exists, new profile?" (new Error("", "(unknown module)"))
1609869075590	Marionette	INFO	Listening on port 63443
1609869075738	Marionette	WARN	TLS certificate errors will be ignored for this session
1609869076655	Marionette	INFO	Stopped listening on port 63443
JavaScript error: resource://activity-stream/lib/ASRouter.jsm, line 987: NS_ERROR_ILLEGAL_VALUE: Component returned failure code: 0x80070057 (NS_ERROR_ILLEGAL_VALUE) [nsIObserverService.removeObserver]

###!!! [Parent][RunMessage] Error: Channel closing: too late to send/recv, messages will be lost


###!!! [Parent][RunMessage] Error: Channel closing: too late to send/recv, messages will be lost

1609869835496	geckodriver	INFO	Listening on 127.0.0.1:64011
1609869838536	mozrunner::runner	INFO	Running command: "C:\\Program Files\\Mozilla Firefox\\firefox.exe" "--marionette" "--headless" "-foreground" "-no-remote" "-profile" "C:\\Users\\ludde\\AppData\\Local\\Temp\\rust_mozprofilefmL4Yu"
*** You are running in headless mode.
console.warn: SearchSettings: "get: No settings file exists, new profile?" (new Error("", "(unknown module)"))
1609869839841	Marionette	INFO	Listening on port 64020
1609869840056	Marionette	WARN	TLS certificate errors will be ignored for this session
1609869840881	Marionette	INFO	Stopped listening on port 64020
1609869920008	geckodriver	INFO	Listening on 127.0.0.1:64115
1609869949349	geckodriver	INFO	Listening on 127.0.0.1:64152
1609870014254	geckodriver	INFO	Listening on 127.0.0.1:64216
1609870017301	mozrunner::runner	INFO	Running command: "C:\\Program Files\\Mozilla Firefox\\firefox.exe" "--marionette" "--headless" "-foreground" "-no-remote" "-profile" "C:\\Users\\ludde\\AppData\\Local\\Temp\\rust_mozprofilev7C6XU"
*** You are running in headless mode.
console.warn: SearchSettings: "get: No settings file exists, new profile?" (new Error("", "(unknown module)"))
1609870018574	Marionette	INFO	Listening on port 64225
1609870018819	Marionette	WARN	TLS certificate errors will be ignored for this session
1609870019626	Marionette	INFO	Stopped listening on port 64225
JavaScript error: resource://activity-stream/lib/ASRouter.jsm, line 987: NS_ERROR_ILLEGAL_VALUE: Component returned failure code: 0x80070057 (NS_ERROR_ILLEGAL_VALUE) [nsIObserverService.removeObserver]
1609870055735	geckodriver	INFO	Listening on 127.0.0.1:64308
1609870058767	mozrunner::runner	INFO	Running command: "C:\\Program Files\\Mozilla Firefox\\firefox.exe" "--marionette" "--headless" "-foreground" "-no-remote" "-profile" "C:\\Users\\ludde\\AppData\\Local\\Temp\\rust_mozprofilezijrmS"
*** You are running in headless mode.
console.warn: SearchSettings: "get: No settings file exists, new profile?" (new Error("", "(unknown module)"))
1609870060004	Marionette	INFO	Listening on port 64322
1609870060302	Marionette	WARN	TLS certificate errors will be ignored for this session
1609870060934	Marionette	INFO	Stopped listening on port 64322

###!!! [Parent][RunMessage] Error: Channel closing: too late to send/recv, messages will be lost

1609870081088	geckodriver	INFO	Listening on 127.0.0.1:64393
1609870084152	mozrunner::runner	INFO	Running command: "C:\\Program Files\\Mozilla Firefox\\firefox.exe" "--marionette" "--headless" "-foreground" "-no-remote" "-profile" "C:\\Users\\ludde\\AppData\\Local\\Temp\\rust_mozprofilequKVfY"
*** You are running in headless mode.
console.warn: SearchSettings: "get: No settings file exists, new profile?" (new Error("", "(unknown module)"))
1609870085429	Marionette	INFO	Listening on port 64404
1609870085678	Marionette	WARN	TLS certificate errors will be ignored for this session
1609870086315	Marionette	INFO	Stopped listening on port 64404
JavaScript error: resource://activity-stream/lib/ASRouter.jsm, line 987: NS_ERROR_ILLEGAL_VALUE: Component returned failure code: 0x80070057 (NS_ERROR_ILLEGAL_VALUE) [nsIObserverService.removeObserver]
1609870156246	geckodriver	INFO	Listening on 127.0.0.1:64489
1609870159293	mozrunner::runner	INFO	Running command: "C:\\Program Files\\Mozilla Firefox\\firefox.exe" "--marionette" "--headless" "-foreground" "-no-remote" "-profile" "C:\\Users\\ludde\\AppData\\Local\\Temp\\rust_mozprofile0CcfiW"
*** You are running in headless mode.
console.warn: SearchSettings: "get: No settings file exists, new profile?" (new Error("", "(unknown module)"))
1609870160542	Marionette	INFO	Listening on port 64498
1609870160817	Marionette	WARN	TLS certificate errors will be ignored for this session
1609870161571	Marionette	INFO	Stopped listening on port 64498
JavaScript error: resource://activity-stream/lib/ASRouter.jsm, line 987: NS_ERROR_ILLEGAL_VALUE: Component returned failure code: 0x80070057 (NS_ERROR_ILLEGAL_VALUE) [nsIObserverService.removeObserver]
1609870286130	geckodriver	INFO	Listening on 127.0.0.1:64631
1609870289171	mozrunner::runner	INFO	Running command: "C:\\Program Files\\Mozilla Firefox\\firefox.exe" "--marionette" "--headless" "-foreground" "-no-remote" "-profile" "C:\\Users\\ludde\\AppData\\Local\\Temp\\rust_mozprofilenfKjnp"
*** You are running in headless mode.
console.warn: SearchSettings: "get: No settings file exists, new profile?" (new Error("", "(unknown module)"))
1609870290409	Marionette	INFO	Listening on port 64642
1609870290689	Marionette	WARN	TLS certificate errors will be ignored for this session
1609870291433	Marionette	INFO	Stopped listening on port 64642
JavaScript error: resource://activity-stream/lib/ASRouter.jsm, line 987: NS_ERROR_ILLEGAL_VALUE: Component returned failure code: 0x80070057 (NS_ERROR_ILLEGAL_VALUE) [nsIObserverService.removeObserver]
1609870312353	geckodriver	INFO	Listening on 127.0.0.1:64728
1609870315404	mozrunner::runner	INFO	Running command: "C:\\Program Files\\Mozilla Firefox\\firefox.exe" "--marionette" "--headless" "-foreground" "-no-remote" "-profile" "C:\\Users\\ludde\\AppData\\Local\\Temp\\rust_mozprofileat2Vnn"
*** You are running in headless mode.
console.warn: SearchSettings: "get: No settings file exists, new profile?" (new Error("", "(unknown module)"))
1609870316638	Marionette	INFO	Listening on port 64739
1609870316923	Marionette	WARN	TLS certificate errors will be ignored for this session
1609870317550	Marionette	INFO	Stopped listening on port 64739
JavaScript error: resource://activity-stream/lib/ASRouter.jsm, line 987: NS_ERROR_ILLEGAL_VALUE: Component returned failure code: 0x80070057 (NS_ERROR_ILLEGAL_VALUE) [nsIObserverService.removeObserver]

###!!! [Parent][RunMessage] Error: Channel closing: too late to send/recv, messages will be lost

1609870381288	geckodriver	INFO	Listening on 127.0.0.1:64839
1609870384328	mozrunner::runner	INFO	Running command: "C:\\Program Files\\Mozilla Firefox\\firefox.exe" "--marionette" "--headless" "-foreground" "-no-remote" "-profile" "C:\\Users\\ludde\\AppData\\Local\\Temp\\rust_mozprofilefWqvOh"
*** You are running in headless mode.
console.warn: SearchSettings: "get: No settings file exists, new profile?" (new Error("", "(unknown module)"))
1609870385640	Marionette	INFO	Listening on port 64849
1609870385850	Marionette	WARN	TLS certificate errors will be ignored for this session
1609870386571	Marionette	INFO	Stopped listening on port 64849
JavaScript error: resource://activity-stream/lib/ASRouter.jsm, line 987: NS_ERROR_ILLEGAL_VALUE: Component returned failure code: 0x80070057 (NS_ERROR_ILLEGAL_VALUE) [nsIObserverService.removeObserver]
1609870451677	geckodriver	INFO	Listening on 127.0.0.1:64952
1609870454725	mozrunner::runner	INFO	Running command: "C:\\Program Files\\Mozilla Firefox\\firefox.exe" "--marionette" "--headless" "-foreground" "-no-remote" "-profile" "C:\\Users\\ludde\\AppData\\Local\\Temp\\rust_mozprofileiJ304c"
*** You are running in headless mode.
console.warn: SearchSettings: "get: No settings file exists, new profile?" (new Error("", "(unknown module)"))
1609870455966	Marionette	INFO	Listening on port 64961
1609870456247	Marionette	WARN	TLS certificate errors will be ignored for this session
1609870490242	geckodriver	INFO	Listening on 127.0.0.1:65063
1609870493293	mozrunner::runner	INFO	Running command: "C:\\Program Files\\Mozilla Firefox\\firefox.exe" "--marionette" "--headless" "-foreground" "-no-remote" "-profile" "C:\\Users\\ludde\\AppData\\Local\\Temp\\rust_mozprofileWSqMXw"
*** You are running in headless mode.
console.warn: SearchSettings: "get: No settings file exists, new profile?" (new Error("", "(unknown module)"))
1609870494606	Marionette	INFO	Listening on port 65074
1609870494820	Marionette	WARN	TLS certificate errors will be ignored for this session
1609870520864	geckodriver	INFO	Listening on 127.0.0.1:65159
1609870523895	mozrunner::runner	INFO	Running command: "C:\\Program Files\\Mozilla Firefox\\firefox.exe" "--marionette" "--headless" "-foreground" "-no-remote" "-profile" "C:\\Users\\ludde\\AppData\\Local\\Temp\\rust_mozprofileXaPwFz"
*** You are running in headless mode.
console.warn: SearchSettings: "get: No settings file exists, new profile?" (new Error("", "(unknown module)"))
1609870525116	Marionette	INFO	Listening on port 65172
1609870525417	Marionette	WARN	TLS certificate errors will be ignored for this session
1609870539437	geckodriver	INFO	Listening on 127.0.0.1:65247
1609870542478	mozrunner::runner	INFO	Running command: "C:\\Program Files\\Mozilla Firefox\\firefox.exe" "--marionette" "--headless" "-foreground" "-no-remote" "-profile" "C:\\Users\\ludde\\AppData\\Local\\Temp\\rust_mozprofileTaYPN8"
*** You are running in headless mode.
console.warn: SearchSettings: "get: No settings file exists, new profile?" (new Error("", "(unknown module)"))
1609870543796	Marionette	INFO	Listening on port 65257
1609870543998	Marionette	WARN	TLS certificate errors will be ignored for this session
1609870544573	geckodriver	INFO	Listening on 127.0.0.1:65294
1609870613200	geckodriver	INFO	Listening on 127.0.0.1:65393
1609870616227	mozrunner::runner	INFO	Running command: "C:\\Program Files\\Mozilla Firefox\\firefox.exe" "--marionette" "--headless" "-foreground" "-no-remote" "-profile" "C:\\Users\\ludde\\AppData\\Local\\Temp\\rust_mozprofileITo28S"
*** You are running in headless mode.
console.warn: SearchSettings: "get: No settings file exists, new profile?" (new Error("", "(unknown module)"))
1609870617472	Marionette	INFO	Listening on port 65408
1609870617751	Marionette	WARN	TLS certificate errors will be ignored for this session
1609870618570	Marionette	INFO	Stopped listening on port 65408
1609870632569	geckodriver	INFO	Listening on 127.0.0.1:65474
1609870635611	mozrunner::runner	INFO	Running command: "C:\\Program Files\\Mozilla Firefox\\firefox.exe" "--marionette" "-foreground" "-no-remote" "-profile" "C:\\Users\\ludde\\AppData\\Local\\Temp\\rust_mozprofileF0cBFD"
Can't find symbol 'eglSwapBuffersWithDamageEXT'.
Can't find symbol 'eglSetDamageRegionKHR'.
console.warn: SearchSettings: "get: No settings file exists, new profile?" (new Error("", "(unknown module)"))
1609870637601	Marionette	INFO	Listening on port 65483
1609870637632	Marionette	WARN	TLS certificate errors will be ignored for this session
1609870638243	Marionette	INFO	Stopped listening on port 65483
JavaScript error: resource://activity-stream/lib/ASRouter.jsm, line 987: NS_ERROR_ILLEGAL_VALUE: Component returned failure code: 0x80070057 (NS_ERROR_ILLEGAL_VALUE) [nsIObserverService.removeObserver]

###!!! [Child][RunMessage] Error: Channel closing: too late to send/recv, messages will be lost

1609870652280	geckodriver	INFO	Listening on 127.0.0.1:49162
1609870655313	mozrunner::runner	INFO	Running command: "C:\\Program Files\\Mozilla Firefox\\firefox.exe" "--marionette" "-foreground" "-no-remote" "-profile" "C:\\Users\\ludde\\AppData\\Local\\Temp\\rust_mozprofile0PJbge"
Can't find symbol 'eglSwapBuffersWithDamageEXT'.
Can't find symbol 'eglSetDamageRegionKHR'.
console.warn: SearchSettings: "get: No settings file exists, new profile?" (new Error("", "(unknown module)"))
1609870657173	Marionette	INFO	Listening on port 49173
1609870657341	Marionette	WARN	TLS certificate errors will be ignored for this session
1609870657968	Marionette	INFO	Stopped listening on port 49173
JavaScript error: resource://activity-stream/lib/ASRouter.jsm, line 987: NS_ERROR_ILLEGAL_VALUE: Component returned failure code: 0x80070057 (NS_ERROR_ILLEGAL_VALUE) [nsIObserverService.removeObserver]

###!!! [Child][RunMessage] Error: Channel closing: too late to send/recv, messages will be lost

1609870768581	geckodriver	INFO	Listening on 127.0.0.1:49300
1609870771620	mozrunner::runner	INFO	Running command: "C:\\Program Files\\Mozilla Firefox\\firefox.exe" "--marionette" "-foreground" "-no-remote" "-profile" "C:\\Users\\ludde\\AppData\\Local\\Temp\\rust_mozprofilev6ZbC1"
Can't find symbol 'eglSwapBuffersWithDamageEXT'.
Can't find symbol 'eglSetDamageRegionKHR'.
console.warn: SearchSettings: "get: No settings file exists, new profile?" (new Error("", "(unknown module)"))
1609870773469	Marionette	INFO	Listening on port 49311
1609870773646	Marionette	WARN	TLS certificate errors will be ignored for this session
1609870784298	Marionette	INFO	Stopped listening on port 49311

###!!! [Child][RunMessage] Error: Channel closing: too late to send/recv, messages will be lost

1609870797125	geckodriver	INFO	Listening on 127.0.0.1:49393
1609870800164	mozrunner::runner	INFO	Running command: "C:\\Program Files\\Mozilla Firefox\\firefox.exe" "--marionette" "-foreground" "-no-remote" "-profile" "C:\\Users\\ludde\\AppData\\Local\\Temp\\rust_mozprofileskgt24"
Can't find symbol 'eglSwapBuffersWithDamageEXT'.
Can't find symbol 'eglSetDamageRegionKHR'.
console.warn: SearchSettings: "get: No settings file exists, new profile?" (new Error("", "(unknown module)"))
1609870801891	Marionette	INFO	Listening on port 49403
1609870802187	Marionette	WARN	TLS certificate errors will be ignored for this session
1609870805830	Marionette	INFO	Stopped listening on port 49403

###!!! [Child][RunMessage] Error: Channel closing: too late to send/recv, messages will be lost

1609870814558	geckodriver	INFO	Listening on 127.0.0.1:49481
1609870817591	mozrunner::runner	INFO	Running command: "C:\\Program Files\\Mozilla Firefox\\firefox.exe" "--marionette" "-foreground" "-no-remote" "-profile" "C:\\Users\\ludde\\AppData\\Local\\Temp\\rust_mozprofilezQSyS4"
Can't find symbol 'eglSwapBuffersWithDamageEXT'.
Can't find symbol 'eglSetDamageRegionKHR'.
console.warn: SearchSettings: "get: No settings file exists, new profile?" (new Error("", "(unknown module)"))
1609870819423	Marionette	INFO	Listening on port 49490
1609870819620	Marionette	WARN	TLS certificate errors will be ignored for this session
1609870822234	Marionette	INFO	Stopped listening on port 49490

###!!! [Child][RunMessage] Error: Channel closing: too late to send/recv, messages will be lost

1609870832227	geckodriver	INFO	Listening on 127.0.0.1:49565
1609870835285	mozrunner::runner	INFO	Running command: "C:\\Program Files\\Mozilla Firefox\\firefox.exe" "--marionette" "--headless" "-foreground" "-no-remote" "-profile" "C:\\Users\\ludde\\AppData\\Local\\Temp\\rust_mozprofiletK4P4y"
*** You are running in headless mode.
console.warn: SearchSettings: "get: No settings file exists, new profile?" (new Error("", "(unknown module)"))
1609870836571	Marionette	INFO	Listening on port 49576
1609870836809	Marionette	WARN	TLS certificate errors will be ignored for this session
1609870839413	Marionette	INFO	Stopped listening on port 49576
1609871072634	geckodriver	INFO	Listening on 127.0.0.1:49908
1609871075681	mozrunner::runner	INFO	Running command: "C:\\Program Files\\Mozilla Firefox\\firefox.exe" "--marionette" "--headless" "-foreground" "-no-remote" "-profile" "C:\\Users\\ludde\\AppData\\Local\\Temp\\rust_mozprofileaBKetK"
*** You are running in headless mode.
console.warn: SearchSettings: "get: No settings file exists, new profile?" (new Error("", "(unknown module)"))
1609871077051	Marionette	INFO	Listening on port 49918
1609871077200	Marionette	WARN	TLS certificate errors will be ignored for this session
1609871079865	Marionette	INFO	Stopped listening on port 49918
1609871553939	geckodriver	INFO	Listening on 127.0.0.1:50384
1609871556970	mozrunner::runner	INFO	Running command: "C:\\Program Files\\Mozilla Firefox\\firefox.exe" "--marionette" "--headless" "-foreground" "-no-remote" "-profile" "C:\\Users\\ludde\\AppData\\Local\\Temp\\rust_mozprofileViQckX"
*** You are running in headless mode.
console.warn: SearchSettings: "get: No settings file exists, new profile?" (new Error("", "(unknown module)"))
1609871558189	Marionette	INFO	Listening on port 50393
1609871558490	Marionette	WARN	TLS certificate errors will be ignored for this session
1609871561237	Marionette	INFO	Stopped listening on port 50393
1609871572730	geckodriver	INFO	Listening on 127.0.0.1:50453
1609871575776	mozrunner::runner	INFO	Running command: "C:\\Program Files\\Mozilla Firefox\\firefox.exe" "--marionette" "--headless" "-foreground" "-no-remote" "-profile" "C:\\Users\\ludde\\AppData\\Local\\Temp\\rust_mozprofileuTNaBT"
*** You are running in headless mode.
console.warn: SearchSettings: "get: No settings file exists, new profile?" (new Error("", "(unknown module)"))
1609871577101	Marionette	INFO	Listening on port 50463
1609871577295	Marionette	WARN	TLS certificate errors will be ignored for this session
1609871579948	Marionette	INFO	Stopped listening on port 50463
1609874825935	geckodriver	INFO	Listening on 127.0.0.1:52814
1609874828958	mozrunner::runner	INFO	Running command: "C:\\Program Files\\Mozilla Firefox\\firefox.exe" "--marionette" "--headless" "-foreground" "-no-remote" "-profile" "C:\\Users\\ludde\\AppData\\Local\\Temp\\rust_mozprofileYvn9CN"
*** You are running in headless mode.
console.warn: SearchSettings: "get: No settings file exists, new profile?" (new Error("", "(unknown module)"))
1609874830248	Marionette	INFO	Listening on port 52823
1609874830477	Marionette	WARN	TLS certificate errors will be ignored for this session
1609874833254	Marionette	INFO	Stopped listening on port 52823
1609877573786	geckodriver	INFO	Listening on 127.0.0.1:55376
1609877576814	mozrunner::runner	INFO	Running command: "C:\\Program Files\\Mozilla Firefox\\firefox.exe" "--marionette" "--headless" "-foreground" "-no-remote" "-profile" "C:\\Users\\ludde\\AppData\\Local\\Temp\\rust_mozprofile6nTVZW"
*** You are running in headless mode.
console.warn: SearchSettings: "get: No settings file exists, new profile?" (new Error("", "(unknown module)"))
1609877578114	Marionette	INFO	Listening on port 55387
1609877578335	Marionette	WARN	TLS certificate errors will be ignored for this session
1609877581086	Marionette	INFO	Stopped listening on port 55387
1609878181917	geckodriver	INFO	Listening on 127.0.0.1:55977
1609878184957	mozrunner::runner	INFO	Running command: "C:\\Program Files\\Mozilla Firefox\\firefox.exe" "--marionette" "--headless" "-foreground" "-no-remote" "-profile" "C:\\Users\\ludde\\AppData\\Local\\Temp\\rust_mozprofilev4K94d"
*** You are running in headless mode.
console.warn: SearchSettings: "get: No settings file exists, new profile?" (new Error("", "(unknown module)"))
1609878186325	Marionette	INFO	Listening on port 55986
1609878186476	Marionette	WARN	TLS certificate errors will be ignored for this session
1609878190141	Marionette	INFO	Stopped listening on port 55986
1609878345319	geckodriver	INFO	Listening on 127.0.0.1:56103
1609878348358	mozrunner::runner	INFO	Running command: "C:\\Program Files\\Mozilla Firefox\\firefox.exe" "--marionette" "--headless" "-foreground" "-no-remote" "-profile" "C:\\Users\\ludde\\AppData\\Local\\Temp\\rust_mozprofilel4BL7x"
*** You are running in headless mode.
console.warn: SearchSettings: "get: No settings file exists, new profile?" (new Error("", "(unknown module)"))
1609878349624	Marionette	INFO	Listening on port 56113
1609878349881	Marionette	WARN	TLS certificate errors will be ignored for this session
1609878352712	Marionette	INFO	Stopped listening on port 56113
